<?xml version="1.0" encoding="utf-8"?><testsuites name="pytest tests"><testsuite name="pytest" errors="0" failures="0" skipped="0" tests="17" time="8.840" timestamp="2026-03-07T21:08:06.250314+00:00" hostname="agent-env-25d311aa-0c3b-45cb-9233-f4bf06968622"><testcase classname="tests.test_shop_preview.TestAuthAndSetup" name="test_register_user" time="0.385" /><testcase classname="tests.test_shop_preview.TestAuthAndSetup" name="test_login_user" time="0.284" /><testcase classname="tests.test_shop_preview.TestShopEndpoints" name="test_get_main_shop_items" time="0.520" /><testcase classname="tests.test_shop_preview.TestShopEndpoints" name="test_get_chores_shop_items" time="0.107" /><testcase classname="tests.test_shop_preview.TestShopEndpoints" name="test_get_all_sector_shop_items" time="0.686" /><testcase classname="tests.test_shop_preview.TestShopEndpoints" name="test_invalid_sector_shop" time="0.123" /><testcase classname="tests.test_shop_preview.TestShopPreviewFeature" name="test_get_shop_items_for_preview" time="1.680" /><testcase classname="tests.test_shop_preview.TestShopPreviewFeature" name="test_preview_costs_10_coins" time="0.479" /><testcase classname="tests.test_shop_preview.TestShopPreviewFeature" name="test_preview_duration_150_seconds" time="0.526" /><testcase classname="tests.test_shop_preview.TestShopPreviewFeature" name="test_get_active_previews" time="0.123" /><testcase classname="tests.test_shop_preview.TestShopPreviewFeature" name="test_preview_already_active_no_deduction" time="0.499" /><testcase classname="tests.test_shop_preview.TestShopPreviewFeature" name="test_preview_insufficient_coins" time="0.631" /><testcase classname="tests.test_shop_preview.TestChoresSectorActivities" name="test_log_chore_activity" time="0.486" /><testcase classname="tests.test_shop_preview.TestChoresSectorActivities" name="test_chore_updates_user_stats" time="0.409" /><testcase classname="tests.test_shop_preview.TestChoresSectorActivities" name="test_get_chore_activities" time="0.111" /><testcase classname="tests.test_shop_preview.TestChoresSectorActivities" name="test_invalid_sector_activity" time="0.124" /><testcase classname="tests.test_shop_preview.TestMainShopPreview" name="test_main_shop_preview_uses_main_coins" time="1.602" /></testsuite></testsuites>